<?xml version="1.0" encoding="UTF-8"?>
<!-- Generated by org.testng.reporters.JUnitReportReporter -->
<testsuite skipped="0" hostname="sysone-Lenovo-B50-70" name="com.project.pom.Test_US01_ProductSearch.TestSearchResults" tests="1" failures="0" timestamp="2021-01-15T12:37:26 ART" time="6.973" errors="0">
  <testcase name="SearchResultds" time="6.973" classname="com.project.pom.Test_US01_ProductSearch.TestSearchResults"/>
  <system-out/>
</testsuite> <!-- com.project.pom.Test_US01_ProductSearch.TestSearchResults -->
