<?xml version="1.0" encoding="UTF-8"?>
<!-- Generated by org.testng.reporters.JUnitReportReporter -->
<testsuite skipped="0" hostname="sysone-Lenovo-B50-70" name="com.project.pom.Test_US01_ProductSearch.TestProductSearch_Drone" tests="1" failures="0" timestamp="2021-01-16T17:12:13 ART" time="17.069" errors="0">
  <testcase name="ProductSearchDrone" time="17.069" classname="com.project.pom.Test_US01_ProductSearch.TestProductSearch_Drone"/>
  <system-out/>
</testsuite> <!-- com.project.pom.Test_US01_ProductSearch.TestProductSearch_Drone -->
