<?xml version="1.0" encoding="UTF-8"?>
<!-- Generated by org.testng.reporters.JUnitReportReporter -->
<testsuite skipped="0" hostname="sysone-Lenovo-B50-70" name="com.project.pom.Test_US02_ShoppingCart.TestValueProductEqualToTheShoppingCart" tests="1" failures="0" timestamp="2021-01-15T20:19:12 ART" time="20.774" errors="0">
  <testcase name="ShoppingCart" time="20.774" classname="com.project.pom.Test_US02_ShoppingCart.TestValueProductEqualToTheShoppingCart"/>
  <system-out/>
</testsuite> <!-- com.project.pom.Test_US02_ShoppingCart.TestValueProductEqualToTheShoppingCart -->
