<?xml version="1.0" encoding="UTF-8"?>
<!-- Generated by org.testng.reporters.JUnitReportReporter -->
<testsuite skipped="0" hostname="sysone-Lenovo-B50-70" name="com.project.pom.Test_US02_ShoppingCart.TestRemoveProductFromShoppingCart" tests="1" failures="0" timestamp="2021-01-16T14:55:00 ART" time="23.687" errors="0">
  <testcase name="ShoppingCart" time="23.687" classname="com.project.pom.Test_US02_ShoppingCart.TestRemoveProductFromShoppingCart"/>
  <system-out/>
</testsuite> <!-- com.project.pom.Test_US02_ShoppingCart.TestRemoveProductFromShoppingCart -->
